2024-12-30 20:02:59,047 - __main__ - INFO - Service successfully registered on rApp catalogue.
2024-12-30 20:02:59,051 - __main__ - INFO - Running the UE consumer application.
2024-12-30 20:03:43,762 - __main__ - INFO - Number of UEs: 16
2024-12-30 20:03:43,762 - __main__ - INFO - Minimum time since last run is not reached.
2024-12-30 20:03:43,765 - __main__ - INFO - Number of UEs: 16
2024-12-30 20:03:43,765 - __main__ - INFO - Minimum time since last run is not reached.
2024-12-30 20:04:01,103 - __main__ - INFO - Number of UEs: 16
2024-12-30 20:04:01,103 - __main__ - INFO - Minimum time since last run is not reached.
2024-12-30 20:04:01,237 - __main__ - INFO - Number of UEs: 16
2024-12-30 20:04:01,237 - __main__ - INFO - Minimum time since last run is not reached.
2024-12-30 20:04:01,370 - __main__ - INFO - Number of UEs: 16
2024-12-30 20:04:01,370 - __main__ - INFO - Minimum time since last run is not reached.
2024-12-30 20:04:01,507 - __main__ - INFO - Number of UEs: 16
2024-12-30 20:04:01,507 - __main__ - INFO - Minimum time since last run is not reached.
2024-12-30 20:04:01,639 - __main__ - INFO - Number of UEs: 16
2024-12-30 20:04:01,639 - __main__ - INFO - Minimum time since last run is not reached.
2024-12-30 20:04:01,770 - __main__ - INFO - Number of UEs: 16
2024-12-30 20:04:01,770 - __main__ - INFO - Minimum time since last run is not reached.
2024-12-30 20:04:01,900 - __main__ - INFO - Number of UEs: 16
2024-12-30 20:04:01,900 - __main__ - INFO - Minimum time since last run is not reached.
2024-12-30 20:04:02,029 - __main__ - INFO - Number of UEs: 16
2024-12-30 20:04:02,029 - __main__ - INFO - Minimum time since last run is not reached.
2024-12-30 20:04:02,156 - __main__ - INFO - Number of UEs: 16
2024-12-30 20:04:02,156 - __main__ - INFO - Minimum time since last run is not reached.
2024-12-30 20:04:02,287 - __main__ - INFO - Number of UEs: 16
2024-12-30 20:04:02,288 - __main__ - INFO - Minimum time since last run is not reached.
2024-12-30 20:04:02,419 - __main__ - INFO - Number of UEs: 16
2024-12-30 20:04:02,420 - __main__ - INFO - Minimum time since last run is not reached.
2024-12-30 20:04:02,553 - __main__ - INFO - Number of UEs: 16
2024-12-30 20:04:02,553 - __main__ - INFO - Minimum time since last run is not reached.
2024-12-30 20:04:02,680 - __main__ - INFO - Number of UEs: 16
2024-12-30 20:04:02,680 - __main__ - INFO - Minimum time since last run is not reached.
2024-12-30 20:04:02,812 - __main__ - INFO - Number of UEs: 16
2024-12-30 20:04:02,813 - __main__ - INFO - Minimum time since last run is not reached.
2024-12-30 20:04:02,950 - __main__ - INFO - Number of UEs: 16
2024-12-30 20:04:02,950 - __main__ - INFO - Minimum time since last run is not reached.
2024-12-30 20:04:03,079 - __main__ - INFO - Number of UEs: 16
2024-12-30 20:04:03,079 - __main__ - INFO - Minimum time since last run is not reached.
2024-12-30 20:04:30,982 - __main__ - INFO - Number of UEs: 16
2024-12-30 20:04:30,983 - __main__ - INFO - Minimum time since last run is not reached.
2024-12-30 20:04:31,118 - __main__ - INFO - Number of UEs: 16
2024-12-30 20:04:31,119 - __main__ - INFO - Minimum time since last run is not reached.
2024-12-30 20:04:31,251 - __main__ - INFO - Number of UEs: 16
2024-12-30 20:04:31,252 - __main__ - INFO - Minimum time since last run is not reached.
2024-12-30 20:04:31,382 - __main__ - INFO - Number of UEs: 16
2024-12-30 20:04:31,383 - __main__ - INFO - Minimum time since last run is not reached.
2024-12-30 20:04:31,518 - __main__ - INFO - Number of UEs: 16
2024-12-30 20:04:31,519 - __main__ - INFO - Minimum time since last run is not reached.
2024-12-30 20:04:31,651 - __main__ - INFO - Number of UEs: 16
2024-12-30 20:04:31,651 - __main__ - INFO - Minimum time since last run is not reached.
2024-12-30 20:04:31,796 - __main__ - INFO - Number of UEs: 16
2024-12-30 20:04:31,797 - __main__ - INFO - Minimum time since last run is not reached.
2024-12-30 20:04:31,928 - __main__ - INFO - Number of UEs: 16
2024-12-30 20:04:31,929 - __main__ - INFO - Minimum time since last run is not reached.
2024-12-30 20:04:32,056 - __main__ - INFO - Number of UEs: 16
2024-12-30 20:04:32,057 - __main__ - INFO - Minimum time since last run is not reached.
2024-12-30 20:04:32,196 - __main__ - INFO - Number of UEs: 16
2024-12-30 20:04:32,196 - __main__ - INFO - Minimum time since last run is not reached.
2024-12-30 20:04:32,328 - __main__ - INFO - Number of UEs: 16
2024-12-30 20:04:32,328 - __main__ - INFO - Minimum time since last run is not reached.
2024-12-30 20:04:32,466 - __main__ - INFO - Number of UEs: 16
2024-12-30 20:04:32,467 - __main__ - INFO - Minimum time since last run is not reached.
2024-12-30 20:04:32,600 - __main__ - INFO - Number of UEs: 16
2024-12-30 20:04:32,600 - __main__ - INFO - Minimum time since last run is not reached.
2024-12-30 20:04:32,734 - __main__ - INFO - Number of UEs: 16
2024-12-30 20:04:32,734 - __main__ - INFO - Minimum time since last run is not reached.
2024-12-30 20:04:32,868 - __main__ - INFO - Number of UEs: 16
2024-12-30 20:04:32,869 - __main__ - INFO - Minimum time since last run is not reached.
2024-12-30 20:04:33,000 - __main__ - INFO - Number of UEs: 16
2024-12-30 20:04:33,000 - __main__ - INFO - Minimum time since last run is not reached.
2024-12-30 20:05:01,003 - __main__ - INFO - Number of UEs: 16
2024-12-30 20:05:01,004 - __main__ - INFO - Minimum time since last run is not reached.
2024-12-30 20:05:01,144 - __main__ - INFO - Number of UEs: 16
2024-12-30 20:05:01,144 - __main__ - INFO - Minimum time since last run is not reached.
2024-12-30 20:05:01,274 - __main__ - INFO - Number of UEs: 16
2024-12-30 20:05:01,274 - __main__ - INFO - Minimum time since last run is not reached.
2024-12-30 20:05:01,406 - __main__ - INFO - Number of UEs: 16
2024-12-30 20:05:01,406 - __main__ - INFO - Minimum time since last run is not reached.
2024-12-30 20:05:01,537 - __main__ - INFO - Number of UEs: 16
2024-12-30 20:05:01,537 - __main__ - INFO - Minimum time since last run is not reached.
2024-12-30 20:05:01,664 - __main__ - INFO - Number of UEs: 16
2024-12-30 20:05:01,665 - __main__ - INFO - Minimum time since last run is not reached.
2024-12-30 20:05:01,795 - __main__ - INFO - Number of UEs: 16
2024-12-30 20:05:01,795 - __main__ - INFO - Minimum time since last run is not reached.
2024-12-30 20:05:01,924 - __main__ - INFO - Number of UEs: 16
2024-12-30 20:05:01,924 - __main__ - INFO - Minimum time since last run is not reached.
2024-12-30 20:05:02,054 - __main__ - INFO - Number of UEs: 16
2024-12-30 20:05:02,054 - __main__ - INFO - Minimum time since last run is not reached.
2024-12-30 20:05:02,183 - __main__ - INFO - Number of UEs: 16
2024-12-30 20:05:02,183 - __main__ - INFO - Minimum time since last run is not reached.
2024-12-30 20:05:02,312 - __main__ - INFO - Number of UEs: 16
2024-12-30 20:05:02,312 - __main__ - INFO - Minimum time since last run is not reached.
2024-12-30 20:05:02,442 - __main__ - INFO - Number of UEs: 16
2024-12-30 20:05:02,442 - __main__ - INFO - Minimum time since last run is not reached.
2024-12-30 20:05:02,575 - __main__ - INFO - Number of UEs: 16
2024-12-30 20:05:02,575 - __main__ - INFO - Minimum time since last run is not reached.
2024-12-30 20:05:02,716 - __main__ - INFO - Number of UEs: 16
2024-12-30 20:05:02,716 - __main__ - INFO - Minimum time since last run is not reached.
2024-12-30 20:05:02,850 - __main__ - INFO - Number of UEs: 16
2024-12-30 20:05:02,851 - __main__ - INFO - Minimum time since last run is not reached.
2024-12-30 20:05:02,984 - __main__ - INFO - Number of UEs: 16
2024-12-30 20:05:02,984 - __main__ - INFO - Minimum time since last run is not reached.
2024-12-30 20:05:31,005 - __main__ - INFO - Number of UEs: 16
2024-12-30 20:05:31,005 - __main__ - INFO - Minimum time since last run is not reached.
2024-12-30 20:05:31,152 - __main__ - INFO - Number of UEs: 16
2024-12-30 20:05:31,152 - __main__ - INFO - Minimum time since last run is not reached.
2024-12-30 20:05:31,285 - __main__ - INFO - Number of UEs: 16
2024-12-30 20:05:31,285 - __main__ - INFO - Minimum time since last run is not reached.
2024-12-30 20:05:31,416 - __main__ - INFO - Number of UEs: 16
2024-12-30 20:05:31,416 - __main__ - INFO - Minimum time since last run is not reached.
2024-12-30 20:05:31,545 - __main__ - INFO - Number of UEs: 16
2024-12-30 20:05:31,546 - __main__ - INFO - Minimum time since last run is not reached.
2024-12-30 20:05:31,688 - __main__ - INFO - Number of UEs: 16
2024-12-30 20:05:31,688 - __main__ - INFO - Minimum time since last run is not reached.
2024-12-30 20:05:31,822 - __main__ - INFO - Number of UEs: 16
2024-12-30 20:05:31,822 - __main__ - INFO - Minimum time since last run is not reached.
2024-12-30 20:05:31,952 - __main__ - INFO - Number of UEs: 16
2024-12-30 20:05:31,952 - __main__ - INFO - Minimum time since last run is not reached.
2024-12-30 20:05:32,089 - __main__ - INFO - Number of UEs: 16
2024-12-30 20:05:32,089 - __main__ - INFO - Minimum time since last run is not reached.
2024-12-30 20:05:32,218 - __main__ - INFO - Number of UEs: 16
2024-12-30 20:05:32,218 - __main__ - INFO - Minimum time since last run is not reached.
2024-12-30 20:05:32,349 - __main__ - INFO - Number of UEs: 16
2024-12-30 20:05:32,349 - __main__ - INFO - Minimum time since last run is not reached.
2024-12-30 20:05:32,476 - __main__ - INFO - Number of UEs: 16
2024-12-30 20:05:32,477 - __main__ - INFO - Minimum time since last run is not reached.
2024-12-30 20:05:32,612 - __main__ - INFO - Number of UEs: 16
2024-12-30 20:05:32,612 - __main__ - INFO - Minimum time since last run is not reached.
2024-12-30 20:05:32,755 - __main__ - INFO - Number of UEs: 16
2024-12-30 20:05:32,755 - __main__ - INFO - Minimum time since last run is not reached.
2024-12-30 20:05:32,891 - __main__ - INFO - Number of UEs: 16
2024-12-30 20:05:32,892 - __main__ - INFO - Minimum time since last run is not reached.
2024-12-30 20:05:33,027 - __main__ - INFO - Number of UEs: 16
2024-12-30 20:05:33,027 - __main__ - INFO - Minimum time since last run is not reached.
2024-12-30 20:06:01,225 - __main__ - INFO - Number of UEs: 16
2024-12-30 20:06:02,443 - Solution_Tools - INFO - Policy instance created successfully.
2024-12-30 20:06:02,465 - Solution_Tools - INFO - Successfully updated gain for 72401100000001. Gain: -1
2024-12-30 20:06:02,480 - Solution_Tools - INFO - Successfully updated gain for 72401100000002. Gain: -1
2024-12-30 20:06:02,499 - Solution_Tools - INFO - Successfully updated gain for 72401100000003. Gain: 1.0
2024-12-30 20:06:02,518 - Solution_Tools - INFO - Successfully updated gain for 72401100000004. Gain: -1
2024-12-30 20:06:02,521 - __main__ - INFO - Number of UEs: 16
2024-12-30 20:06:02,521 - __main__ - INFO - Minimum time since last run is not reached.
2024-12-30 20:06:02,535 - __main__ - INFO - Number of UEs: 16
2024-12-30 20:06:02,535 - __main__ - INFO - Minimum time since last run is not reached.
2024-12-30 20:06:02,698 - __main__ - INFO - Number of UEs: 16
2024-12-30 20:06:02,699 - __main__ - INFO - Minimum time since last run is not reached.
2024-12-30 20:06:02,837 - __main__ - INFO - Number of UEs: 16
2024-12-30 20:06:02,837 - __main__ - INFO - Minimum time since last run is not reached.
2024-12-30 20:06:02,975 - __main__ - INFO - Number of UEs: 16
2024-12-30 20:06:02,976 - __main__ - INFO - Minimum time since last run is not reached.
2024-12-30 20:06:03,117 - __main__ - INFO - Number of UEs: 16
2024-12-30 20:06:03,117 - __main__ - INFO - Minimum time since last run is not reached.
2024-12-30 20:06:03,248 - __main__ - INFO - Number of UEs: 16
2024-12-30 20:06:03,248 - __main__ - INFO - Minimum time since last run is not reached.
2024-12-30 20:06:31,004 - __main__ - INFO - Number of UEs: 16
2024-12-30 20:06:31,004 - __main__ - INFO - Minimum time since last run is not reached.
2024-12-30 20:06:31,151 - __main__ - INFO - Number of UEs: 16
2024-12-30 20:06:31,151 - __main__ - INFO - Minimum time since last run is not reached.
2024-12-30 20:06:31,282 - __main__ - INFO - Number of UEs: 16
2024-12-30 20:06:31,283 - __main__ - INFO - Minimum time since last run is not reached.
2024-12-30 20:06:31,416 - __main__ - INFO - Number of UEs: 16
2024-12-30 20:06:31,416 - __main__ - INFO - Minimum time since last run is not reached.
2024-12-30 20:06:31,549 - __main__ - INFO - Number of UEs: 16
2024-12-30 20:06:31,550 - __main__ - INFO - Minimum time since last run is not reached.
2024-12-30 20:06:31,695 - __main__ - INFO - Number of UEs: 16
2024-12-30 20:06:31,695 - __main__ - INFO - Minimum time since last run is not reached.
2024-12-30 20:06:31,856 - __main__ - INFO - Number of UEs: 16
2024-12-30 20:06:31,857 - __main__ - INFO - Minimum time since last run is not reached.
2024-12-30 20:06:31,966 - __main__ - INFO - Number of UEs: 16
2024-12-30 20:06:31,966 - __main__ - INFO - Minimum time since last run is not reached.
2024-12-30 20:06:32,103 - __main__ - INFO - Number of UEs: 16
2024-12-30 20:06:32,104 - __main__ - INFO - Minimum time since last run is not reached.
2024-12-30 20:06:32,230 - __main__ - INFO - Number of UEs: 16
2024-12-30 20:06:32,231 - __main__ - INFO - Minimum time since last run is not reached.
2024-12-30 20:06:32,360 - __main__ - INFO - Number of UEs: 16
2024-12-30 20:06:32,361 - __main__ - INFO - Minimum time since last run is not reached.
2024-12-30 20:06:32,497 - __main__ - INFO - Number of UEs: 16
2024-12-30 20:06:32,498 - __main__ - INFO - Minimum time since last run is not reached.
2024-12-30 20:06:32,626 - __main__ - INFO - Number of UEs: 16
2024-12-30 20:06:32,627 - __main__ - INFO - Minimum time since last run is not reached.
2024-12-30 20:06:32,758 - __main__ - INFO - Number of UEs: 16
2024-12-30 20:06:32,759 - __main__ - INFO - Minimum time since last run is not reached.
2024-12-30 20:06:32,890 - __main__ - INFO - Number of UEs: 16
2024-12-30 20:06:32,890 - __main__ - INFO - Minimum time since last run is not reached.
2024-12-30 20:06:33,028 - __main__ - INFO - Number of UEs: 16
2024-12-30 20:06:33,028 - __main__ - INFO - Minimum time since last run is not reached.
2024-12-30 20:07:01,086 - __main__ - INFO - Number of UEs: 16
2024-12-30 20:07:01,086 - __main__ - INFO - Minimum time since last run is not reached.
2024-12-30 20:07:01,223 - __main__ - INFO - Number of UEs: 16
2024-12-30 20:07:01,223 - __main__ - INFO - Minimum time since last run is not reached.
2024-12-30 20:07:01,354 - __main__ - INFO - Number of UEs: 16
2024-12-30 20:07:01,354 - __main__ - INFO - Minimum time since last run is not reached.
2024-12-30 20:07:01,504 - __main__ - INFO - Number of UEs: 16
2024-12-30 20:07:01,505 - __main__ - INFO - Minimum time since last run is not reached.
2024-12-30 20:07:01,634 - __main__ - INFO - Number of UEs: 16
2024-12-30 20:07:01,634 - __main__ - INFO - Minimum time since last run is not reached.
2024-12-30 20:07:01,766 - __main__ - INFO - Number of UEs: 16
2024-12-30 20:07:01,766 - __main__ - INFO - Minimum time since last run is not reached.
2024-12-30 20:07:01,897 - __main__ - INFO - Number of UEs: 16
2024-12-30 20:07:01,898 - __main__ - INFO - Minimum time since last run is not reached.
2024-12-30 20:07:02,031 - __main__ - INFO - Number of UEs: 16
2024-12-30 20:07:02,031 - __main__ - INFO - Minimum time since last run is not reached.
2024-12-30 20:07:02,166 - __main__ - INFO - Number of UEs: 16
2024-12-30 20:07:02,166 - __main__ - INFO - Minimum time since last run is not reached.
2024-12-30 20:07:02,298 - __main__ - INFO - Number of UEs: 16
2024-12-30 20:07:02,299 - __main__ - INFO - Minimum time since last run is not reached.
2024-12-30 20:07:02,433 - __main__ - INFO - Number of UEs: 16
2024-12-30 20:07:02,434 - __main__ - INFO - Minimum time since last run is not reached.
2024-12-30 20:07:02,563 - __main__ - INFO - Number of UEs: 16
2024-12-30 20:07:02,563 - __main__ - INFO - Minimum time since last run is not reached.
2024-12-30 20:07:02,691 - __main__ - INFO - Number of UEs: 16
2024-12-30 20:07:02,692 - __main__ - INFO - Minimum time since last run is not reached.
2024-12-30 20:07:02,822 - __main__ - INFO - Number of UEs: 16
2024-12-30 20:07:02,824 - __main__ - INFO - Minimum time since last run is not reached.
2024-12-30 20:07:02,954 - __main__ - INFO - Number of UEs: 16
2024-12-30 20:07:02,954 - __main__ - INFO - Minimum time since last run is not reached.
2024-12-30 20:07:03,089 - __main__ - INFO - Number of UEs: 16
2024-12-30 20:07:03,090 - __main__ - INFO - Minimum time since last run is not reached.
2024-12-30 20:07:31,008 - __main__ - INFO - Number of UEs: 16
2024-12-30 20:07:31,008 - __main__ - INFO - Minimum time since last run is not reached.
2024-12-30 20:07:31,143 - __main__ - INFO - Number of UEs: 16
2024-12-30 20:07:31,143 - __main__ - INFO - Minimum time since last run is not reached.
2024-12-30 20:07:31,290 - __main__ - INFO - Number of UEs: 16
2024-12-30 20:07:31,290 - __main__ - INFO - Minimum time since last run is not reached.
2024-12-30 20:07:31,421 - __main__ - INFO - Number of UEs: 16
2024-12-30 20:07:31,421 - __main__ - INFO - Minimum time since last run is not reached.
2024-12-30 20:07:31,553 - __main__ - INFO - Number of UEs: 16
2024-12-30 20:07:31,553 - __main__ - INFO - Minimum time since last run is not reached.
2024-12-30 20:07:31,684 - __main__ - INFO - Number of UEs: 16
2024-12-30 20:07:31,685 - __main__ - INFO - Minimum time since last run is not reached.
2024-12-30 20:07:31,820 - __main__ - INFO - Number of UEs: 16
2024-12-30 20:07:31,820 - __main__ - INFO - Minimum time since last run is not reached.
2024-12-30 20:07:31,953 - __main__ - INFO - Number of UEs: 16
2024-12-30 20:07:31,953 - __main__ - INFO - Minimum time since last run is not reached.
2024-12-30 20:07:32,085 - __main__ - INFO - Number of UEs: 16
2024-12-30 20:07:32,085 - __main__ - INFO - Minimum time since last run is not reached.
2024-12-30 20:07:32,220 - __main__ - INFO - Number of UEs: 16
2024-12-30 20:07:32,220 - __main__ - INFO - Minimum time since last run is not reached.
2024-12-30 20:07:32,356 - __main__ - INFO - Number of UEs: 16
2024-12-30 20:07:32,356 - __main__ - INFO - Minimum time since last run is not reached.
2024-12-30 20:07:32,495 - __main__ - INFO - Number of UEs: 16
2024-12-30 20:07:32,495 - __main__ - INFO - Minimum time since last run is not reached.
2024-12-30 20:07:32,627 - __main__ - INFO - Number of UEs: 16
2024-12-30 20:07:32,627 - __main__ - INFO - Minimum time since last run is not reached.
2024-12-30 20:07:32,759 - __main__ - INFO - Number of UEs: 16
2024-12-30 20:07:32,759 - __main__ - INFO - Minimum time since last run is not reached.
2024-12-30 20:07:32,892 - __main__ - INFO - Number of UEs: 16
2024-12-30 20:07:32,892 - __main__ - INFO - Minimum time since last run is not reached.
2024-12-30 20:07:33,024 - __main__ - INFO - Number of UEs: 16
2024-12-30 20:07:33,024 - __main__ - INFO - Minimum time since last run is not reached.
2024-12-30 20:08:01,077 - __main__ - INFO - Number of UEs: 16
2024-12-30 20:08:01,078 - __main__ - INFO - Minimum time since last run is not reached.
2024-12-30 20:08:01,209 - __main__ - INFO - Number of UEs: 16
2024-12-30 20:08:01,209 - __main__ - INFO - Minimum time since last run is not reached.
2024-12-30 20:08:01,342 - __main__ - INFO - Number of UEs: 16
2024-12-30 20:08:01,343 - __main__ - INFO - Minimum time since last run is not reached.
2024-12-30 20:08:01,478 - __main__ - INFO - Number of UEs: 16
2024-12-30 20:08:01,479 - __main__ - INFO - Minimum time since last run is not reached.
2024-12-30 20:08:01,614 - __main__ - INFO - Number of UEs: 16
2024-12-30 20:08:01,614 - __main__ - INFO - Minimum time since last run is not reached.
2024-12-30 20:08:01,747 - __main__ - INFO - Number of UEs: 16
2024-12-30 20:08:01,747 - __main__ - INFO - Minimum time since last run is not reached.
2024-12-30 20:08:01,887 - __main__ - INFO - Number of UEs: 16
2024-12-30 20:08:01,888 - __main__ - INFO - Minimum time since last run is not reached.
2024-12-30 20:08:02,023 - __main__ - INFO - Number of UEs: 16
2024-12-30 20:08:02,024 - __main__ - INFO - Minimum time since last run is not reached.
2024-12-30 20:08:02,156 - __main__ - INFO - Number of UEs: 16
2024-12-30 20:08:02,157 - __main__ - INFO - Minimum time since last run is not reached.
2024-12-30 20:08:02,293 - __main__ - INFO - Number of UEs: 16
2024-12-30 20:08:02,294 - __main__ - INFO - Minimum time since last run is not reached.
2024-12-30 20:08:02,429 - __main__ - INFO - Number of UEs: 16
2024-12-30 20:08:02,429 - __main__ - INFO - Minimum time since last run is not reached.
2024-12-30 20:08:02,563 - __main__ - INFO - Number of UEs: 16
2024-12-30 20:08:02,564 - __main__ - INFO - Minimum time since last run is not reached.
2024-12-30 20:08:02,693 - __main__ - INFO - Number of UEs: 16
2024-12-30 20:08:02,694 - __main__ - INFO - Minimum time since last run is not reached.
2024-12-30 20:08:02,828 - __main__ - INFO - Number of UEs: 16
2024-12-30 20:08:02,828 - __main__ - INFO - Minimum time since last run is not reached.
2024-12-30 20:08:02,961 - __main__ - INFO - Number of UEs: 16
2024-12-30 20:08:02,961 - __main__ - INFO - Minimum time since last run is not reached.
2024-12-30 20:08:03,092 - __main__ - INFO - Number of UEs: 16
2024-12-30 20:08:03,092 - __main__ - INFO - Minimum time since last run is not reached.
2024-12-30 20:08:31,064 - __main__ - INFO - Number of UEs: 16
2024-12-30 20:08:31,064 - __main__ - INFO - Minimum time since last run is not reached.
2024-12-30 20:08:31,201 - __main__ - INFO - Number of UEs: 16
2024-12-30 20:08:31,201 - __main__ - INFO - Minimum time since last run is not reached.
2024-12-30 20:08:31,330 - __main__ - INFO - Number of UEs: 16
2024-12-30 20:08:31,330 - __main__ - INFO - Minimum time since last run is not reached.
2024-12-30 20:08:31,464 - __main__ - INFO - Number of UEs: 16
2024-12-30 20:08:31,464 - __main__ - INFO - Minimum time since last run is not reached.
2024-12-30 20:08:31,598 - __main__ - INFO - Number of UEs: 16
2024-12-30 20:08:31,598 - __main__ - INFO - Minimum time since last run is not reached.
2024-12-30 20:08:31,732 - __main__ - INFO - Number of UEs: 16
2024-12-30 20:08:31,732 - __main__ - INFO - Minimum time since last run is not reached.
2024-12-30 20:08:31,891 - __main__ - INFO - Number of UEs: 16
2024-12-30 20:08:31,891 - __main__ - INFO - Minimum time since last run is not reached.
2024-12-30 20:08:32,027 - __main__ - INFO - Number of UEs: 16
2024-12-30 20:08:32,027 - __main__ - INFO - Minimum time since last run is not reached.
2024-12-30 20:08:32,157 - __main__ - INFO - Number of UEs: 16
2024-12-30 20:08:32,157 - __main__ - INFO - Minimum time since last run is not reached.
2024-12-30 20:08:32,290 - __main__ - INFO - Number of UEs: 16
2024-12-30 20:08:32,291 - __main__ - INFO - Minimum time since last run is not reached.
2024-12-30 20:08:32,439 - __main__ - INFO - Number of UEs: 16
2024-12-30 20:08:32,439 - __main__ - INFO - Minimum time since last run is not reached.
2024-12-30 20:08:32,566 - __main__ - INFO - Number of UEs: 16
2024-12-30 20:08:32,567 - __main__ - INFO - Minimum time since last run is not reached.
2024-12-30 20:08:32,707 - __main__ - INFO - Number of UEs: 16
2024-12-30 20:08:32,707 - __main__ - INFO - Minimum time since last run is not reached.
2024-12-30 20:08:32,844 - __main__ - INFO - Number of UEs: 16
2024-12-30 20:08:32,844 - __main__ - INFO - Minimum time since last run is not reached.
2024-12-30 20:08:32,976 - __main__ - INFO - Number of UEs: 16
2024-12-30 20:08:32,976 - __main__ - INFO - Minimum time since last run is not reached.
2024-12-30 20:08:33,106 - __main__ - INFO - Number of UEs: 16
2024-12-30 20:08:33,106 - __main__ - INFO - Minimum time since last run is not reached.
2024-12-30 20:09:01,015 - __main__ - INFO - Number of UEs: 16
2024-12-30 20:09:01,015 - __main__ - INFO - Minimum time since last run is not reached.
2024-12-30 20:09:31,212 - __main__ - INFO - Number of UEs: 16
2024-12-30 20:09:31,212 - __main__ - INFO - UE variation for running optimization is not met.
2024-12-30 20:09:31,346 - __main__ - INFO - Number of UEs: 16
2024-12-30 20:09:31,346 - __main__ - INFO - UE variation for running optimization is not met.
2024-12-30 20:09:31,487 - __main__ - INFO - Number of UEs: 16
2024-12-30 20:09:31,487 - __main__ - INFO - UE variation for running optimization is not met.
2024-12-30 20:09:31,624 - __main__ - INFO - Number of UEs: 16
2024-12-30 20:09:31,624 - __main__ - INFO - UE variation for running optimization is not met.
2024-12-30 20:09:31,761 - __main__ - INFO - Number of UEs: 16
2024-12-30 20:09:31,761 - __main__ - INFO - UE variation for running optimization is not met.
2024-12-30 20:09:31,896 - __main__ - INFO - Number of UEs: 16
2024-12-30 20:09:31,897 - __main__ - INFO - UE variation for running optimization is not met.
2024-12-30 20:09:32,032 - __main__ - INFO - Number of UEs: 16
2024-12-30 20:09:32,033 - __main__ - INFO - UE variation for running optimization is not met.
2024-12-30 20:09:32,162 - __main__ - INFO - Number of UEs: 16
2024-12-30 20:09:32,162 - __main__ - INFO - UE variation for running optimization is not met.
2024-12-30 20:09:32,289 - __main__ - INFO - Number of UEs: 16
2024-12-30 20:09:32,290 - __main__ - INFO - UE variation for running optimization is not met.
2024-12-30 20:09:32,439 - __main__ - INFO - Number of UEs: 16
2024-12-30 20:09:32,439 - __main__ - INFO - UE variation for running optimization is not met.
2024-12-30 20:09:32,567 - __main__ - INFO - Number of UEs: 16
2024-12-30 20:09:32,567 - __main__ - INFO - UE variation for running optimization is not met.
2024-12-30 20:09:32,707 - __main__ - INFO - Number of UEs: 16
2024-12-30 20:09:32,708 - __main__ - INFO - UE variation for running optimization is not met.
2024-12-30 20:09:32,849 - __main__ - INFO - Number of UEs: 16
2024-12-30 20:09:32,850 - __main__ - INFO - UE variation for running optimization is not met.
2024-12-30 20:09:32,984 - __main__ - INFO - Number of UEs: 16
2024-12-30 20:09:32,984 - __main__ - INFO - UE variation for running optimization is not met.
2024-12-30 20:09:33,116 - __main__ - INFO - Number of UEs: 16
2024-12-30 20:09:33,116 - __main__ - INFO - UE variation for running optimization is not met.
2024-12-30 20:09:34,316 - __main__ - INFO - Number of UEs: 16
2024-12-30 20:09:34,316 - __main__ - INFO - UE variation for running optimization is not met.
2024-12-30 20:09:34,447 - __main__ - INFO - Number of UEs: 16
2024-12-30 20:09:34,448 - __main__ - INFO - UE variation for running optimization is not met.
2024-12-30 20:09:34,581 - __main__ - INFO - Number of UEs: 16
2024-12-30 20:09:34,581 - __main__ - INFO - UE variation for running optimization is not met.
2024-12-30 20:09:34,711 - __main__ - INFO - Number of UEs: 16
2024-12-30 20:09:34,711 - __main__ - INFO - UE variation for running optimization is not met.
2024-12-30 20:09:34,842 - __main__ - INFO - Number of UEs: 16
2024-12-30 20:09:34,843 - __main__ - INFO - UE variation for running optimization is not met.
2024-12-30 20:09:34,971 - __main__ - INFO - Number of UEs: 16
2024-12-30 20:09:34,971 - __main__ - INFO - UE variation for running optimization is not met.
2024-12-30 20:09:35,108 - __main__ - INFO - Number of UEs: 16
2024-12-30 20:09:35,108 - __main__ - INFO - UE variation for running optimization is not met.
2024-12-30 20:09:35,246 - __main__ - INFO - Number of UEs: 16
2024-12-30 20:09:35,247 - __main__ - INFO - UE variation for running optimization is not met.
2024-12-30 20:09:35,380 - __main__ - INFO - Number of UEs: 16
2024-12-30 20:09:35,380 - __main__ - INFO - UE variation for running optimization is not met.
2024-12-30 20:09:35,516 - __main__ - INFO - Number of UEs: 16
2024-12-30 20:09:35,517 - __main__ - INFO - UE variation for running optimization is not met.
2024-12-30 20:09:35,682 - __main__ - INFO - Number of UEs: 16
2024-12-30 20:09:35,682 - __main__ - INFO - UE variation for running optimization is not met.
2024-12-30 20:09:35,814 - __main__ - INFO - Number of UEs: 16
2024-12-30 20:09:35,815 - __main__ - INFO - UE variation for running optimization is not met.
2024-12-30 20:09:35,942 - __main__ - INFO - Number of UEs: 16
2024-12-30 20:09:35,943 - __main__ - INFO - UE variation for running optimization is not met.
2024-12-30 20:09:36,072 - __main__ - INFO - Number of UEs: 16
2024-12-30 20:09:36,072 - __main__ - INFO - UE variation for running optimization is not met.
2024-12-30 20:09:36,203 - __main__ - INFO - Number of UEs: 16
2024-12-30 20:09:36,204 - __main__ - INFO - UE variation for running optimization is not met.
2024-12-30 20:09:36,330 - __main__ - INFO - Number of UEs: 16
2024-12-30 20:09:36,330 - __main__ - INFO - UE variation for running optimization is not met.
2024-12-30 20:10:01,027 - __main__ - INFO - Number of UEs: 16
2024-12-30 20:10:01,027 - __main__ - INFO - UE variation for running optimization is not met.
2024-12-30 20:10:01,162 - __main__ - INFO - Number of UEs: 16
2024-12-30 20:10:01,162 - __main__ - INFO - UE variation for running optimization is not met.
2024-12-30 20:10:01,290 - __main__ - INFO - Number of UEs: 16
2024-12-30 20:10:01,291 - __main__ - INFO - UE variation for running optimization is not met.
2024-12-30 20:10:01,419 - __main__ - INFO - Number of UEs: 16
2024-12-30 20:10:01,419 - __main__ - INFO - UE variation for running optimization is not met.
2024-12-30 20:10:01,548 - __main__ - INFO - Number of UEs: 16
2024-12-30 20:10:01,548 - __main__ - INFO - UE variation for running optimization is not met.
2024-12-30 20:10:01,678 - __main__ - INFO - Number of UEs: 16
2024-12-30 20:10:01,679 - __main__ - INFO - UE variation for running optimization is not met.
2024-12-30 20:10:01,812 - __main__ - INFO - Number of UEs: 16
2024-12-30 20:10:01,812 - __main__ - INFO - UE variation for running optimization is not met.
2024-12-30 20:10:01,942 - __main__ - INFO - Number of UEs: 16
2024-12-30 20:10:01,942 - __main__ - INFO - UE variation for running optimization is not met.
2024-12-30 20:10:02,075 - __main__ - INFO - Number of UEs: 16
2024-12-30 20:10:02,075 - __main__ - INFO - UE variation for running optimization is not met.
2024-12-30 20:10:02,203 - __main__ - INFO - Number of UEs: 16
2024-12-30 20:10:02,203 - __main__ - INFO - UE variation for running optimization is not met.
2024-12-30 20:10:02,351 - __main__ - INFO - Number of UEs: 16
2024-12-30 20:10:02,351 - __main__ - INFO - UE variation for running optimization is not met.
2024-12-30 20:10:02,481 - __main__ - INFO - Number of UEs: 16
2024-12-30 20:10:02,482 - __main__ - INFO - UE variation for running optimization is not met.
2024-12-30 20:10:02,636 - __main__ - INFO - Number of UEs: 16
2024-12-30 20:10:02,637 - __main__ - INFO - UE variation for running optimization is not met.
2024-12-30 20:10:02,770 - __main__ - INFO - Number of UEs: 16
2024-12-30 20:10:02,770 - __main__ - INFO - UE variation for running optimization is not met.
2024-12-30 20:10:02,900 - __main__ - INFO - Number of UEs: 16
2024-12-30 20:10:02,901 - __main__ - INFO - UE variation for running optimization is not met.
2024-12-30 20:10:03,034 - __main__ - INFO - Number of UEs: 16
2024-12-30 20:10:03,034 - __main__ - INFO - UE variation for running optimization is not met.
2024-12-30 20:10:31,006 - __main__ - INFO - Number of UEs: 16
2024-12-30 20:10:31,006 - __main__ - INFO - UE variation for running optimization is not met.
2024-12-30 20:10:31,141 - __main__ - INFO - Number of UEs: 16
2024-12-30 20:10:31,141 - __main__ - INFO - UE variation for running optimization is not met.
2024-12-30 20:10:31,277 - __main__ - INFO - Number of UEs: 16
2024-12-30 20:10:31,277 - __main__ - INFO - UE variation for running optimization is not met.
2024-12-30 20:10:31,406 - __main__ - INFO - Number of UEs: 16
2024-12-30 20:10:31,407 - __main__ - INFO - UE variation for running optimization is not met.
2024-12-30 20:10:31,539 - __main__ - INFO - Number of UEs: 16
2024-12-30 20:10:31,539 - __main__ - INFO - UE variation for running optimization is not met.
2024-12-30 20:10:31,672 - __main__ - INFO - Number of UEs: 16
2024-12-30 20:10:31,672 - __main__ - INFO - UE variation for running optimization is not met.
2024-12-30 20:10:31,807 - __main__ - INFO - Number of UEs: 16
2024-12-30 20:10:31,807 - __main__ - INFO - UE variation for running optimization is not met.
2024-12-30 20:10:31,971 - __main__ - INFO - Number of UEs: 16
2024-12-30 20:10:31,971 - __main__ - INFO - UE variation for running optimization is not met.
2024-12-30 20:10:32,100 - __main__ - INFO - Number of UEs: 16
2024-12-30 20:10:32,100 - __main__ - INFO - UE variation for running optimization is not met.
2024-12-30 20:10:32,230 - __main__ - INFO - Number of UEs: 16
2024-12-30 20:10:32,230 - __main__ - INFO - UE variation for running optimization is not met.
2024-12-30 20:10:32,362 - __main__ - INFO - Number of UEs: 16
2024-12-30 20:10:32,363 - __main__ - INFO - UE variation for running optimization is not met.
2024-12-30 20:10:32,494 - __main__ - INFO - Number of UEs: 16
2024-12-30 20:10:32,494 - __main__ - INFO - UE variation for running optimization is not met.
2024-12-30 20:10:32,622 - __main__ - INFO - Number of UEs: 16
2024-12-30 20:10:32,622 - __main__ - INFO - UE variation for running optimization is not met.
2024-12-30 20:10:32,755 - __main__ - INFO - Number of UEs: 16
2024-12-30 20:10:32,755 - __main__ - INFO - UE variation for running optimization is not met.
2024-12-30 20:10:32,891 - __main__ - INFO - Number of UEs: 16
2024-12-30 20:10:32,891 - __main__ - INFO - UE variation for running optimization is not met.
2024-12-30 20:10:33,021 - __main__ - INFO - Number of UEs: 16
2024-12-30 20:10:33,021 - __main__ - INFO - UE variation for running optimization is not met.
2024-12-30 20:11:01,129 - __main__ - INFO - Number of UEs: 16
2024-12-30 20:11:01,129 - __main__ - INFO - UE variation for running optimization is not met.
2024-12-30 20:11:01,260 - __main__ - INFO - Number of UEs: 16
2024-12-30 20:11:01,260 - __main__ - INFO - UE variation for running optimization is not met.
2024-12-30 20:11:01,390 - __main__ - INFO - Number of UEs: 16
2024-12-30 20:11:01,390 - __main__ - INFO - UE variation for running optimization is not met.
2024-12-30 20:11:01,522 - __main__ - INFO - Number of UEs: 16
2024-12-30 20:11:01,523 - __main__ - INFO - UE variation for running optimization is not met.
2024-12-30 20:11:01,652 - __main__ - INFO - Number of UEs: 16
2024-12-30 20:11:01,652 - __main__ - INFO - UE variation for running optimization is not met.
2024-12-30 20:11:01,782 - __main__ - INFO - Number of UEs: 16
2024-12-30 20:11:01,782 - __main__ - INFO - UE variation for running optimization is not met.
2024-12-30 20:11:01,912 - __main__ - INFO - Number of UEs: 16
2024-12-30 20:11:01,913 - __main__ - INFO - UE variation for running optimization is not met.
2024-12-30 20:11:02,045 - __main__ - INFO - Number of UEs: 16
2024-12-30 20:11:02,045 - __main__ - INFO - UE variation for running optimization is not met.
2024-12-30 20:11:02,174 - __main__ - INFO - Number of UEs: 16
2024-12-30 20:11:02,174 - __main__ - INFO - UE variation for running optimization is not met.
2024-12-30 20:11:02,300 - __main__ - INFO - Number of UEs: 16
2024-12-30 20:11:02,300 - __main__ - INFO - UE variation for running optimization is not met.
2024-12-30 20:11:02,437 - __main__ - INFO - Number of UEs: 16
2024-12-30 20:11:02,437 - __main__ - INFO - UE variation for running optimization is not met.
2024-12-30 20:11:02,567 - __main__ - INFO - Number of UEs: 16
2024-12-30 20:11:02,568 - __main__ - INFO - UE variation for running optimization is not met.
2024-12-30 20:11:02,696 - __main__ - INFO - Number of UEs: 16
2024-12-30 20:11:02,696 - __main__ - INFO - UE variation for running optimization is not met.
2024-12-30 20:11:02,826 - __main__ - INFO - Number of UEs: 16
2024-12-30 20:11:02,826 - __main__ - INFO - UE variation for running optimization is not met.
2024-12-30 20:11:02,954 - __main__ - INFO - Number of UEs: 16
2024-12-30 20:11:02,954 - __main__ - INFO - UE variation for running optimization is not met.
2024-12-30 20:11:03,080 - __main__ - INFO - Number of UEs: 16
2024-12-30 20:11:03,080 - __main__ - INFO - UE variation for running optimization is not met.
2024-12-30 20:11:31,075 - __main__ - INFO - Number of UEs: 16
2024-12-30 20:11:31,075 - __main__ - INFO - UE variation for running optimization is not met.
2024-12-30 20:11:31,216 - __main__ - INFO - Number of UEs: 16
2024-12-30 20:11:31,216 - __main__ - INFO - UE variation for running optimization is not met.
2024-12-30 20:11:31,350 - __main__ - INFO - Number of UEs: 16
2024-12-30 20:11:31,350 - __main__ - INFO - UE variation for running optimization is not met.
2024-12-30 20:11:31,486 - __main__ - INFO - Number of UEs: 16
2024-12-30 20:11:31,486 - __main__ - INFO - UE variation for running optimization is not met.
2024-12-30 20:11:31,623 - __main__ - INFO - Number of UEs: 16
2024-12-30 20:11:31,623 - __main__ - INFO - UE variation for running optimization is not met.
2024-12-30 20:11:31,766 - __main__ - INFO - Number of UEs: 16
2024-12-30 20:11:31,766 - __main__ - INFO - UE variation for running optimization is not met.
2024-12-30 20:11:31,896 - __main__ - INFO - Number of UEs: 16
2024-12-30 20:11:31,897 - __main__ - INFO - UE variation for running optimization is not met.
2024-12-30 20:11:32,026 - __main__ - INFO - Number of UEs: 16
2024-12-30 20:11:32,027 - __main__ - INFO - UE variation for running optimization is not met.
2024-12-30 20:11:32,161 - __main__ - INFO - Number of UEs: 16
2024-12-30 20:11:32,161 - __main__ - INFO - UE variation for running optimization is not met.
2024-12-30 20:11:32,296 - __main__ - INFO - Number of UEs: 16
2024-12-30 20:11:32,297 - __main__ - INFO - UE variation for running optimization is not met.
2024-12-30 20:11:32,438 - __main__ - INFO - Number of UEs: 16
2024-12-30 20:11:32,438 - __main__ - INFO - UE variation for running optimization is not met.
2024-12-30 20:11:32,572 - __main__ - INFO - Number of UEs: 16
2024-12-30 20:11:32,572 - __main__ - INFO - UE variation for running optimization is not met.
2024-12-30 20:11:32,701 - __main__ - INFO - Number of UEs: 16
2024-12-30 20:11:32,702 - __main__ - INFO - UE variation for running optimization is not met.
2024-12-30 20:11:32,835 - __main__ - INFO - Number of UEs: 16
2024-12-30 20:11:32,836 - __main__ - INFO - UE variation for running optimization is not met.
2024-12-30 20:11:32,978 - __main__ - INFO - Number of UEs: 16
2024-12-30 20:11:32,978 - __main__ - INFO - UE variation for running optimization is not met.
2024-12-30 20:11:33,106 - __main__ - INFO - Number of UEs: 16
2024-12-30 20:11:33,106 - __main__ - INFO - UE variation for running optimization is not met.
